# JRE version: Java(TM) SE Runtime Environment (8.0_221-b11) (build 1.8.0_221-b11)
# Java VM: Java HotSpot(TM) 64-Bit Server VM (25.221-b11 mixed mode windows-amd64 compressed oops)
Heap:
 PSYoungGen      total 498176K, used 11308K [0x000000076bd80000, 0x000000078b500000, 0x00000007c0000000)
  eden space 481792K, 2% used [0x000000076bd80000,0x000000076c88b2c8,0x0000000789400000)
  from space 16384K, 0% used [0x000000078a500000,0x000000078a500000,0x000000078b500000)
  to   space 16896K, 0% used [0x0000000789400000,0x0000000789400000,0x000000078a480000)
 ParOldGen       total 253440K, used 39932K [0x00000006c3800000, 0x00000006d2f80000, 0x000000076bd80000)
  object space 253440K, 15% used [0x00000006c3800000,0x00000006c5eff1d0,0x00000006d2f80000)
 Metaspace       used 65955K, capacity 70482K, committed 70656K, reserved 1110016K
  class space    used 8820K, capacity 9666K, committed 9728K, reserved 1048576K
GC Heap History (10 events):
Event: 1780.741 GC heap before
{Heap before GC invocations=26 (full 8):
 PSYoungGen      total 435712K, used 417280K [0x000000076bd80000, 0x000000078ba00000, 0x00000007c0000000)
  eden space 417280K, 100% used [0x000000076bd80000,0x0000000785500000,0x0000000785500000)
  from space 18432K, 0% used [0x0000000785500000,0x0000000785500000,0x0000000786700000)
  to   space 18432K, 0% used [0x000000078a800000,0x000000078a800000,0x000000078ba00000)
 ParOldGen       total 253440K, used 32270K [0x00000006c3800000, 0x00000006d2f80000, 0x000000076bd80000)
  object space 253440K, 12% used [0x00000006c3800000,0x00000006c5783a40,0x00000006d2f80000)
 Metaspace       used 65545K, capacity 70016K, committed 70144K, reserved 1110016K
  class space    used 8763K, capacity 9608K, committed 9728K, reserved 1048576K
Event: 1780.750 GC heap after
Heap after GC invocations=26 (full 8):
 PSYoungGen      total 497152K, used 8554K [0x000000076bd80000, 0x000000078b700000, 0x00000007c0000000)
  eden space 481792K, 0% used [0x000000076bd80000,0x000000076bd80000,0x0000000789400000)
  from space 15360K, 55% used [0x000000078a800000,0x000000078b05abc8,0x000000078b700000)
  to   space 17920K, 0% used [0x0000000789400000,0x0000000789400000,0x000000078a580000)
 ParOldGen       total 253440K, used 32278K [0x00000006c3800000, 0x00000006d2f80000, 0x000000076bd80000)
  object space 253440K, 12% used [0x00000006c3800000,0x00000006c5785a40,0x00000006d2f80000)
 Metaspace       used 65545K, capacity 70016K, committed 70144K, reserved 1110016K
  class space    used 8763K, capacity 9608K, committed 9728K, reserved 1048576K
}
Event: 1895.885 GC heap before
{Heap before GC invocations=27 (full 8):
 PSYoungGen      total 497152K, used 38583K [0x000000076bd80000, 0x000000078b700000, 0x00000007c0000000)
  eden space 481792K, 6% used [0x000000076bd80000,0x000000076dad3110,0x0000000789400000)
  from space 15360K, 55% used [0x000000078a800000,0x000000078b05abc8,0x000000078b700000)
  to   space 17920K, 0% used [0x0000000789400000,0x0000000789400000,0x000000078a580000)
 ParOldGen       total 253440K, used 32278K [0x00000006c3800000, 0x00000006d2f80000, 0x000000076bd80000)
  object space 253440K, 12% used [0x00000006c3800000,0x00000006c5785a40,0x00000006d2f80000)
 Metaspace       used 65649K, capacity 70104K, committed 70400K, reserved 1110016K
  class space    used 8771K, capacity 9613K, committed 9728K, reserved 1048576K
Event: 1895.891 GC heap after
Heap after GC invocations=27 (full 8):
 PSYoungGen      total 485376K, used 3317K [0x000000076bd80000, 0x000000078b600000, 0x00000007c0000000)
  eden space 481792K, 0% used [0x000000076bd80000,0x000000076bd80000,0x0000000789400000)
  from space 3584K, 92% used [0x0000000789400000,0x000000078973d4a8,0x0000000789780000)
  to   space 17408K, 0% used [0x000000078a500000,0x000000078a500000,0x000000078b600000)
 ParOldGen       total 253440K, used 32278K [0x00000006c3800000, 0x00000006d2f80000, 0x000000076bd80000)
  object space 253440K, 12% used [0x00000006c3800000,0x00000006c5785a40,0x00000006d2f80000)
 Metaspace       used 65649K, capacity 70104K, committed 70400K, reserved 1110016K
  class space    used 8771K, capacity 9613K, committed 9728K, reserved 1048576K
}
Event: 1895.891 GC heap before
{Heap before GC invocations=28 (full 9):
 PSYoungGen      total 485376K, used 3317K [0x000000076bd80000, 0x000000078b600000, 0x00000007c0000000)
  eden space 481792K, 0% used [0x000000076bd80000,0x000000076bd80000,0x0000000789400000)
  from space 3584K, 92% used [0x0000000789400000,0x000000078973d4a8,0x0000000789780000)
  to   space 17408K, 0% used [0x000000078a500000,0x000000078a500000,0x000000078b600000)
 ParOldGen       total 253440K, used 32278K [0x00000006c3800000, 0x00000006d2f80000, 0x000000076bd80000)
  object space 253440K, 12% used [0x00000006c3800000,0x00000006c5785a40,0x00000006d2f80000)
 Metaspace       used 65649K, capacity 70104K, committed 70400K, reserved 1110016K
  class space    used 8771K, capacity 9613K, committed 9728K, reserved 1048576K
Event: 1896.195 GC heap after
Heap after GC invocations=28 (full 9):
 PSYoungGen      total 485376K, used 0K [0x000000076bd80000, 0x000000078b600000, 0x00000007c0000000)
  eden space 481792K, 0% used [0x000000076bd80000,0x000000076bd80000,0x0000000789400000)
  from space 3584K, 0% used [0x0000000789400000,0x0000000789400000,0x0000000789780000)
  to   space 17408K, 0% used [0x000000078a500000,0x000000078a500000,0x000000078b600000)
 ParOldGen       total 253440K, used 34956K [0x00000006c3800000, 0x00000006d2f80000, 0x000000076bd80000)
  object space 253440K, 13% used [0x00000006c3800000,0x00000006c5a23070,0x00000006d2f80000)
 Metaspace       used 65649K, capacity 70104K, committed 70400K, reserved 1110016K
  class space    used 8771K, capacity 9613K, committed 9728K, reserved 1048576K
}
Event: 1903.073 GC heap before
{Heap before GC invocations=29 (full 9):
 PSYoungGen      total 485376K, used 392207K [0x000000076bd80000, 0x000000078b600000, 0x00000007c0000000)
  eden space 481792K, 81% used [0x000000076bd80000,0x0000000783c83e90,0x0000000789400000)
  from space 3584K, 0% used [0x0000000789400000,0x0000000789400000,0x0000000789780000)
  to   space 17408K, 0% used [0x000000078a500000,0x000000078a500000,0x000000078b600000)
 ParOldGen       total 253440K, used 34956K [0x00000006c3800000, 0x00000006d2f80000, 0x000000076bd80000)
  object space 253440K, 13% used [0x00000006c3800000,0x00000006c5a23070,0x00000006d2f80000)
 Metaspace       used 65821K, capacity 70376K, committed 70656K, reserved 1110016K
  class space    used 8791K, capacity 9658K, committed 9728K, reserved 1048576K
Event: 1903.081 GC heap after
Heap after GC invocations=29 (full 9):
 PSYoungGen      total 498176K, used 5704K [0x000000076bd80000, 0x000000078b500000, 0x00000007c0000000)
  eden space 481792K, 0% used [0x000000076bd80000,0x000000076bd80000,0x0000000789400000)
  from space 16384K, 34% used [0x000000078a500000,0x000000078aa922f0,0x000000078b500000)
  to   space 16896K, 0% used [0x0000000789400000,0x0000000789400000,0x000000078a480000)
 ParOldGen       total 253440K, used 34964K [0x00000006c3800000, 0x00000006d2f80000, 0x000000076bd80000)
  object space 253440K, 13% used [0x00000006c3800000,0x00000006c5a25070,0x00000006d2f80000)
 Metaspace       used 65821K, capacity 70376K, committed 70656K, reserved 1110016K
  class space    used 8791K, capacity 9658K, committed 9728K, reserved 1048576K
}
Event: 1903.081 GC heap before
{Heap before GC invocations=30 (full 10):
 PSYoungGen      total 498176K, used 5704K [0x000000076bd80000, 0x000000078b500000, 0x00000007c0000000)
  eden space 481792K, 0% used [0x000000076bd80000,0x000000076bd80000,0x0000000789400000)
  from space 16384K, 34% used [0x000000078a500000,0x000000078aa922f0,0x000000078b500000)
  to   space 16896K, 0% used [0x0000000789400000,0x0000000789400000,0x000000078a480000)
 ParOldGen       total 253440K, used 34964K [0x00000006c3800000, 0x00000006d2f80000, 0x000000076bd80000)
  object space 253440K, 13% used [0x00000006c3800000,0x00000006c5a25070,0x00000006d2f80000)
 Metaspace       used 65821K, capacity 70376K, committed 70656K, reserved 1110016K
  class space    used 8791K, capacity 9658K, committed 9728K, reserved 1048576K
Event: 1903.343 GC heap after
Heap after GC invocations=30 (full 10):
 PSYoungGen      total 498176K, used 0K [0x000000076bd80000, 0x000000078b500000, 0x00000007c0000000)
  eden space 481792K, 0% used [0x000000076bd80000,0x000000076bd80000,0x0000000789400000)
  from space 16384K, 0% used [0x000000078a500000,0x000000078a500000,0x000000078b500000)
  to   space 16896K, 0% used [0x0000000789400000,0x0000000789400000,0x000000078a480000)
 ParOldGen       total 253440K, used 39932K [0x00000006c3800000, 0x00000006d2f80000, 0x000000076bd80000)
  object space 253440K, 15% used [0x00000006c3800000,0x00000006c5eff1d0,0x00000006d2f80000)
 Metaspace       used 65821K, capacity 70376K, committed 70656K, reserved 1110016K
  class space    used 8791K, capacity 9658K, committed 9728K, reserved 1048576K
}

